<?xml version="1.0" encoding="UTF-8"?>
<testsuite xmlns:xsi="http://www.w3.org/2001/XMLSchema-instance" xsi:noNamespaceSchemaLocation="https://maven.apache.org/surefire/maven-surefire-plugin/xsd/surefire-test-report-3.0.xsd" version="3.0" name="com.homework.MainTest" time="0.118" tests="18" errors="0" skipped="0" failures="0">
  <properties>
[...]
</properties>
  <testcase name="testAddNumbersIntStringBasic" classname="com.homework.MainTest" time="0.049">
    <system-out><![CDATA[v testAddNumbersIntStringBasic passed
]]></system-out>
  </testcase>
  <testcase name="testAddNumbersIntStringOverflow" classname="com.homework.MainTest" time="0">
    <system-out><![CDATA[Error (Tergil 7 a): integer overflow when adding 2147483647 and 1
v testAddNumbersIntStringOverflow passed
]]></system-out>
  </testcase>
  <testcase name="testAddNumbersStringBasic" classname="com.homework.MainTest" time="0.015">
    <system-out><![CDATA[v testAddNumbersStringBasic passed
]]></system-out>
  </testcase>
  <testcase name="testAddNumbersStringOverflow" classname="com.homework.MainTest" time="0">
    <system-out><![CDATA[Error (Tergil 6): integer overflow when adding 2147483647 and 1
v testAddNumbersStringOverflow passed
]]></system-out>
  </testcase>
  <testcase name="testAddNumbersStringIntBasic" classname="com.homework.MainTest" time="0">
    <system-out><![CDATA[v testAddNumbersStringIntBasic passed
]]></system-out>
  </testcase>
  <testcase name="testAddNumbersStringIntOverflow" classname="com.homework.MainTest" time="0">
    <system-out><![CDATA[Error (Tergil 7 b): integer overflow when adding 2147483647 and 1
v testAddNumbersStringIntOverflow passed
]]></system-out>
  </testcase>
  <testcase name="testAbsWithIntegerMaxValue" classname="com.homework.MainTest" time="0">
    <system-out><![CDATA[v testAbsWithIntegerMaxValue passed
]]></system-out>
  </testcase>
  <testcase name="testAddNumbersStringInvalid" classname="com.homework.MainTest" time="0.014">
    <system-out><![CDATA[Error (Tergil 6): cannot parse abc as a number
v testAddNumbersStringInvalid passed
]]></system-out>
  </testcase>
  <testcase name="testAddNumbersBasic" classname="com.homework.MainTest" time="0.001">
    <system-out><![CDATA[v testAddNumbersBasic passed
]]></system-out>
  </testcase>
  <testcase name="testAbsNegativeValues" classname="com.homework.MainTest" time="0.003">
    <system-out><![CDATA[v testAbsNegativeValues passed
]]></system-out>
  </testcase>
  <testcase name="testAddNumbersOverflow" classname="com.homework.MainTest" time="0">
    <system-out><![CDATA[Error (Tergil 5): integer overflow when adding 2147483647 and 1
v testAddNumbersOverflow passed
]]></system-out>
  </testcase>
  <testcase name="testAddNumbersStringIntInvalid" classname="com.homework.MainTest" time="0">
    <system-out><![CDATA[Error (Tergil 7 b): cannot parse abc as a number
v testAddNumbersStringIntInvalid passed
]]></system-out>
  </testcase>
  <testcase name="testAbsPositiveValues" classname="com.homework.MainTest" time="0">
    <system-out><![CDATA[v testAbsPositiveValues passed
]]></system-out>
  </testcase>
  <testcase name="testAddNumbersNegative" classname="com.homework.MainTest" time="0">
    <system-out><![CDATA[v testAddNumbersNegative passed
]]></system-out>
  </testcase>
  <testcase name="testAddNumbersIntStringInvalid" classname="com.homework.MainTest" time="0">
    <system-out><![CDATA[Error (Tergil 7 a): cannot parse abc as a number
v testAddNumbersIntStringInvalid passed
]]></system-out>
  </testcase>
  <testcase name="testFinalResult" classname="com.homework.MainTest" time="0.008">
    <system-out><![CDATA[✔ All tests passed successfully!
]]></system-out>
  </testcase>
  <testcase name="testAbsWithIntegerMinValue" classname="com.homework.MainTest" time="0.002">
    <system-out><![CDATA[v testAbsWithIntegerMinValue passed
]]></system-out>
  </testcase>
  <testcase name="testAbsWithMixedValues" classname="com.homework.MainTest" time="0.001">
    <system-out><![CDATA[v testAbsWithMixedValues passed
]]></system-out>
  </testcase>
</testsuite>